<?xml version='1.0'?>
<ns2:test-suite xmlns:ns2='urn:model.allure.qatools.yandex.ru' start='1705601323478' stop='1705601342862'>
    <name>PTRF</name>
    <title>PTRF</title>
    <test-cases>
        <test-case start='1705601323478' status='failed' stop='1705601342853'>
            <name>CT02-Consulta_Creditos_Escola_Devolucao_Conta</name>
            <title>CT02-Consulta_Creditos_Escola_Devolucao_Conta</title>
            <labels/>
            <parameters/>
            <steps/>
            <attachments/>
            <failure>
                <message>Timed out retrying after 4000ms: Expected to find element: `.p-datatable-thead > tr > :nth-child(1)`, but never found it.</message>
                <stack-trace>AssertionError: Timed out retrying after 4000ms: Expected to find element: `.p-datatable-thead > tr > :nth-child(1)`, but never found it.
                    at CreditosEscolaElementos.eval [as validarTipo] (webpack://cypress-ptrf/./cypress/support/Elementos/CreditosEscolaElementos.js:39:36)
                    at CreditosEscolaPagina.validarCreditosCadastrados (webpack://cypress-ptrf/./cypress/support/Paginas/CreditosEscolaPagina.js:74:17)
                    at Context.eval (webpack://cypress-ptrf/./cypress/e2e/PTRF/Credito_Escola/Consulta/CT02-Consulta_Creditos_Escola_Devolucao_Conta.cy.js:34:13)</stack-trace>
            </failure>
        </test-case>
    </test-cases>
</ns2:test-suite>